<?xml version="1.0" encoding="UTF-8"?>
<!-- Generated by org.testng.reporters.JUnitXMLReporter -->
<testsuite hostname="DESKTOP-CNN544V" ignored="0" name="FunctionalTesting" tests="1" failures="0" timestamp="10 May 2022 03:49:43 GMT" time="0.032" errors="0">
  <testcase name="@BeforeSuite driverSetup" time="0.0" classname="Base.Base">
    <failure type="org.openqa.selenium.SessionNotCreatedException" message="session not created: This version of ChromeDriver only supports Chrome version 98
Current browser version is 101.0.4951.54 with binary path C:\Program Files (x86)\Google\Chrome\Application\chrome.exe
Build info: version: &amp;apos;3.141.59&amp;apos;, revision: &amp;apos;e82be7d358&amp;apos;, time: &amp;apos;2018-11-14T08:17:03&amp;apos;
System info: host: &amp;apos;DESKTOP-CNN544V&amp;apos;, ip: &amp;apos;192.168.0.100&amp;apos;, os.name: &amp;apos;Windows 10&amp;apos;, os.arch: &amp;apos;amd64&amp;apos;, os.version: &amp;apos;10.0&amp;apos;, java.version: &amp;apos;1.8.0_311&amp;apos;
Driver info: driver.version: ChromeDriver
remote stacktrace: Backtrace:
	Ordinal0 [0x005069A3+2582947]
	Ordinal0 [0x0049A6D1+2139857]
	Ordinal0 [0x00393A98+1063576]
	Ordinal0 [0x003B33B8+1192888]
	Ordinal0 [0x003AF235+1176117]
	Ordinal0 [0x003AC9E1+1165793]
	Ordinal0 [0x003DCFFF+1363967]
	Ordinal0 [0x003DCC2A+1362986]
	Ordinal0 [0x003D8366+1344358]
	Ordinal0 [0x003B5176+1200502]
	Ordinal0 [0x003B6066+1204326]
	GetHandleVerifier [0x006ABE02+1675858]
	GetHandleVerifier [0x0076036C+2414524]
	GetHandleVerifier [0x0059BB01+560977]
	GetHandleVerifier [0x0059A8D3+556323]
	Ordinal0 [0x004A020E+2163214]
	Ordinal0 [0x004A5078+2183288]
	Ordinal0 [0x004A51C0+2183616]
	Ordinal0 [0x004AEE1C+2223644]
	BaseThreadInitThunk [0x75C7FA29+25]
	RtlGetAppContainerNamedObjectPath [0x773F7A7E+286]
	RtlGetAppContainerNamedObjectPath [0x773F7A4E+238]
">
      <![CDATA[org.openqa.selenium.SessionNotCreatedException: session not created: This version of ChromeDriver only supports Chrome version 98
Current browser version is 101.0.4951.54 with binary path C:\Program Files (x86)\Google\Chrome\Application\chrome.exe
Build info: version: '3.141.59', revision: 'e82be7d358', time: '2018-11-14T08:17:03'
System info: host: 'DESKTOP-CNN544V', ip: '192.168.0.100', os.name: 'Windows 10', os.arch: 'amd64', os.version: '10.0', java.version: '1.8.0_311'
Driver info: driver.version: ChromeDriver
remote stacktrace: Backtrace:
	Ordinal0 [0x005069A3+2582947]
	Ordinal0 [0x0049A6D1+2139857]
	Ordinal0 [0x00393A98+1063576]
	Ordinal0 [0x003B33B8+1192888]
	Ordinal0 [0x003AF235+1176117]
	Ordinal0 [0x003AC9E1+1165793]
	Ordinal0 [0x003DCFFF+1363967]
	Ordinal0 [0x003DCC2A+1362986]
	Ordinal0 [0x003D8366+1344358]
	Ordinal0 [0x003B5176+1200502]
	Ordinal0 [0x003B6066+1204326]
	GetHandleVerifier [0x006ABE02+1675858]
	GetHandleVerifier [0x0076036C+2414524]
	GetHandleVerifier [0x0059BB01+560977]
	GetHandleVerifier [0x0059A8D3+556323]
	Ordinal0 [0x004A020E+2163214]
	Ordinal0 [0x004A5078+2183288]
	Ordinal0 [0x004A51C0+2183616]
	Ordinal0 [0x004AEE1C+2223644]
	BaseThreadInitThunk [0x75C7FA29+25]
	RtlGetAppContainerNamedObjectPath [0x773F7A7E+286]
	RtlGetAppContainerNamedObjectPath [0x773F7A4E+238]

	at org.openqa.selenium.remote.W3CHandshakeResponse.lambda$errorHandler$0(W3CHandshakeResponse.java:62)
	at org.openqa.selenium.remote.HandshakeResponse.lambda$getResponseFunction$0(HandshakeResponse.java:30)
	at org.openqa.selenium.remote.ProtocolHandshake.lambda$createSession$0(ProtocolHandshake.java:126)
	at java.util.stream.ReferencePipeline$3$1.accept(Unknown Source)
	at java.util.Spliterators$ArraySpliterator.tryAdvance(Unknown Source)
	at java.util.stream.ReferencePipeline.forEachWithCancel(Unknown Source)
	at java.util.stream.AbstractPipeline.copyIntoWithCancel(Unknown Source)
	at java.util.stream.AbstractPipeline.copyInto(Unknown Source)
	at java.util.stream.AbstractPipeline.wrapAndCopyInto(Unknown Source)
	at java.util.stream.FindOps$FindOp.evaluateSequential(Unknown Source)
	at java.util.stream.AbstractPipeline.evaluate(Unknown Source)
	at java.util.stream.ReferencePipeline.findFirst(Unknown Source)
	at org.openqa.selenium.remote.ProtocolHandshake.createSession(ProtocolHandshake.java:128)
	at org.openqa.selenium.remote.ProtocolHandshake.createSession(ProtocolHandshake.java:74)
	at org.openqa.selenium.remote.HttpCommandExecutor.execute(HttpCommandExecutor.java:136)
	at org.openqa.selenium.remote.service.DriverCommandExecutor.execute(DriverCommandExecutor.java:83)
	at org.openqa.selenium.remote.RemoteWebDriver.execute(RemoteWebDriver.java:552)
	at org.openqa.selenium.remote.RemoteWebDriver.startSession(RemoteWebDriver.java:213)
	at org.openqa.selenium.remote.RemoteWebDriver.<init>(RemoteWebDriver.java:131)
	at org.openqa.selenium.chrome.ChromeDriver.<init>(ChromeDriver.java:181)
	at org.openqa.selenium.chrome.ChromeDriver.<init>(ChromeDriver.java:168)
	at org.openqa.selenium.chrome.ChromeDriver.<init>(ChromeDriver.java:123)
	at Base.Base.driverSetup(Base.java:41)
... Removed 23 stack frames]]>
    </failure>
  </testcase> <!-- @BeforeSuite driverSetup -->
  <testcase name="test" time="0.0" classname="TestSuite.AllTest">
    <skipped/>
  </testcase> <!-- test -->
</testsuite> <!-- FunctionalTesting -->
